2023/01/25 05:28:56 [notice] 1#1: using the "epoll" event method
2023/01/25 05:28:56 [notice] 1#1: nginx/1.23.3
2023/01/25 05:28:56 [notice] 1#1: built by gcc 12.2.1 20220924 (Alpine 12.2.1_git20220924-r4) 
2023/01/25 05:28:56 [notice] 1#1: OS: Linux 6.1.7-zen1-1-zen
2023/01/25 05:28:56 [notice] 1#1: getrlimit(RLIMIT_NOFILE): 1048576:1048576
2023/01/25 05:28:56 [notice] 1#1: start worker processes
2023/01/25 05:28:56 [notice] 1#1: start worker process 30
2023/01/25 05:28:56 [notice] 1#1: start worker process 31
2023/01/25 05:28:56 [notice] 1#1: start worker process 32
2023/01/25 05:28:56 [notice] 1#1: start worker process 33
2023/01/25 05:28:56 [notice] 1#1: start worker process 34
2023/01/25 05:28:56 [notice] 1#1: start worker process 35
2023/01/25 05:28:56 [notice] 1#1: start worker process 36
2023/01/25 05:28:56 [notice] 1#1: start worker process 37
2023/01/25 05:31:48 [notice] 1#1: signal 3 (SIGQUIT) received, shutting down
2023/01/25 05:31:48 [notice] 31#31: gracefully shutting down
2023/01/25 05:31:48 [notice] 30#30: gracefully shutting down
2023/01/25 05:31:48 [notice] 34#34: gracefully shutting down
2023/01/25 05:31:48 [notice] 32#32: gracefully shutting down
2023/01/25 05:31:48 [notice] 31#31: exiting
2023/01/25 05:31:48 [notice] 30#30: exiting
2023/01/25 05:31:48 [notice] 34#34: exiting
2023/01/25 05:31:48 [notice] 32#32: exiting
2023/01/25 05:31:48 [notice] 30#30: exit
2023/01/25 05:31:48 [notice] 31#31: exit
2023/01/25 05:31:48 [notice] 32#32: exit
2023/01/25 05:31:48 [notice] 34#34: exit
2023/01/25 05:31:48 [notice] 37#37: gracefully shutting down
2023/01/25 05:31:48 [notice] 35#35: gracefully shutting down
2023/01/25 05:31:48 [notice] 37#37: exiting
2023/01/25 05:31:48 [notice] 35#35: exiting
2023/01/25 05:31:48 [notice] 37#37: exit
2023/01/25 05:31:48 [notice] 36#36: gracefully shutting down
2023/01/25 05:31:48 [notice] 35#35: exit
2023/01/25 05:31:48 [notice] 36#36: exiting
2023/01/25 05:31:48 [notice] 36#36: exit
2023/01/25 05:31:48 [notice] 33#33: gracefully shutting down
2023/01/25 05:31:48 [notice] 33#33: exiting
2023/01/25 05:31:48 [notice] 33#33: exit
2023/01/25 05:31:48 [notice] 1#1: signal 17 (SIGCHLD) received from 30
2023/01/25 05:31:48 [notice] 1#1: worker process 30 exited with code 0
2023/01/25 05:31:48 [notice] 1#1: worker process 32 exited with code 0
2023/01/25 05:31:48 [notice] 1#1: worker process 34 exited with code 0
2023/01/25 05:31:48 [notice] 1#1: signal 29 (SIGIO) received
2023/01/25 05:31:48 [notice] 1#1: signal 17 (SIGCHLD) received from 32
2023/01/25 05:31:48 [notice] 1#1: worker process 33 exited with code 0
2023/01/25 05:31:48 [notice] 1#1: signal 29 (SIGIO) received
2023/01/25 05:31:48 [notice] 1#1: signal 17 (SIGCHLD) received from 33
2023/01/25 05:31:48 [notice] 1#1: signal 17 (SIGCHLD) received from 37
2023/01/25 05:31:48 [notice] 1#1: worker process 37 exited with code 0
2023/01/25 05:31:48 [notice] 1#1: worker process 35 exited with code 0
2023/01/25 05:31:48 [notice] 1#1: worker process 31 exited with code 0
2023/01/25 05:31:48 [notice] 1#1: worker process 36 exited with code 0
2023/01/25 05:31:48 [notice] 1#1: exit
2023/01/25 05:37:30 [notice] 1#1: using the "epoll" event method
2023/01/25 05:37:30 [notice] 1#1: nginx/1.23.3
2023/01/25 05:37:30 [notice] 1#1: built by gcc 12.2.1 20220924 (Alpine 12.2.1_git20220924-r4) 
2023/01/25 05:37:30 [notice] 1#1: OS: Linux 6.1.7-zen1-1-zen
2023/01/25 05:37:30 [notice] 1#1: getrlimit(RLIMIT_NOFILE): 1048576:1048576
2023/01/25 05:37:30 [notice] 1#1: start worker processes
2023/01/25 05:37:30 [notice] 1#1: start worker process 30
2023/01/25 05:37:30 [notice] 1#1: start worker process 31
2023/01/25 05:37:30 [notice] 1#1: start worker process 32
2023/01/25 05:37:30 [notice] 1#1: start worker process 33
2023/01/25 05:37:30 [notice] 1#1: start worker process 34
2023/01/25 05:37:30 [notice] 1#1: start worker process 35
2023/01/25 05:37:30 [notice] 1#1: start worker process 36
2023/01/25 05:37:30 [notice] 1#1: start worker process 37
2023/01/25 05:38:48 [notice] 1#1: signal 3 (SIGQUIT) received, shutting down
2023/01/25 05:38:48 [notice] 30#30: gracefully shutting down
2023/01/25 05:38:48 [notice] 31#31: gracefully shutting down
2023/01/25 05:38:48 [notice] 33#33: gracefully shutting down
2023/01/25 05:38:48 [notice] 36#36: gracefully shutting down
2023/01/25 05:38:48 [notice] 30#30: exiting
2023/01/25 05:38:48 [notice] 35#35: gracefully shutting down
2023/01/25 05:38:48 [notice] 31#31: exiting
2023/01/25 05:38:48 [notice] 33#33: exiting
2023/01/25 05:38:48 [notice] 36#36: exiting
2023/01/25 05:38:48 [notice] 35#35: exiting
2023/01/25 05:38:48 [notice] 37#37: gracefully shutting down
2023/01/25 05:38:48 [notice] 33#33: exit
2023/01/25 05:38:48 [notice] 30#30: exit
2023/01/25 05:38:48 [notice] 37#37: exiting
2023/01/25 05:38:48 [notice] 35#35: exit
2023/01/25 05:38:48 [notice] 36#36: exit
2023/01/25 05:38:48 [notice] 31#31: exit
2023/01/25 05:38:48 [notice] 32#32: gracefully shutting down
2023/01/25 05:38:48 [notice] 32#32: exiting
2023/01/25 05:38:48 [notice] 37#37: exit
2023/01/25 05:38:48 [notice] 32#32: exit
2023/01/25 05:38:48 [notice] 34#34: gracefully shutting down
2023/01/25 05:38:48 [notice] 34#34: exiting
2023/01/25 05:38:48 [notice] 34#34: exit
2023/01/25 05:38:48 [notice] 1#1: signal 17 (SIGCHLD) received from 36
2023/01/25 05:38:48 [notice] 1#1: worker process 30 exited with code 0
2023/01/25 05:38:48 [notice] 1#1: worker process 31 exited with code 0
2023/01/25 05:38:48 [notice] 1#1: worker process 32 exited with code 0
2023/01/25 05:38:48 [notice] 1#1: worker process 35 exited with code 0
2023/01/25 05:38:48 [notice] 1#1: worker process 36 exited with code 0
2023/01/25 05:38:48 [notice] 1#1: worker process 37 exited with code 0
2023/01/25 05:38:48 [notice] 1#1: signal 29 (SIGIO) received
2023/01/25 05:38:48 [notice] 1#1: signal 17 (SIGCHLD) received from 37
2023/01/25 05:38:48 [notice] 1#1: signal 17 (SIGCHLD) received from 33
2023/01/25 05:38:48 [notice] 1#1: worker process 33 exited with code 0
2023/01/25 05:38:48 [notice] 1#1: worker process 34 exited with code 0
2023/01/25 05:38:48 [notice] 1#1: exit
2023/01/25 05:46:17 [notice] 1#1: using the "epoll" event method
2023/01/25 05:46:17 [notice] 1#1: nginx/1.23.3
2023/01/25 05:46:17 [notice] 1#1: built by gcc 12.2.1 20220924 (Alpine 12.2.1_git20220924-r4) 
2023/01/25 05:46:17 [notice] 1#1: OS: Linux 6.1.7-zen1-1-zen
2023/01/25 05:46:17 [notice] 1#1: getrlimit(RLIMIT_NOFILE): 1048576:1048576
2023/01/25 05:46:17 [notice] 1#1: start worker processes
2023/01/25 05:46:17 [notice] 1#1: start worker process 30
2023/01/25 05:46:17 [notice] 1#1: start worker process 31
2023/01/25 05:46:17 [notice] 1#1: start worker process 32
2023/01/25 05:46:17 [notice] 1#1: start worker process 33
2023/01/25 05:46:17 [notice] 1#1: start worker process 34
2023/01/25 05:46:17 [notice] 1#1: start worker process 35
2023/01/25 05:46:17 [notice] 1#1: start worker process 36
2023/01/25 05:46:17 [notice] 1#1: start worker process 37
2023/01/25 05:46:17 [notice] 1#1: start worker process 38
2023/01/25 05:46:17 [notice] 1#1: start worker process 39
2023/01/25 05:46:17 [notice] 1#1: start worker process 40
2023/01/25 05:46:17 [notice] 1#1: start worker process 41
2023/01/25 05:53:54 [notice] 1#1: signal 3 (SIGQUIT) received, shutting down
2023/01/25 05:53:54 [notice] 30#30: gracefully shutting down
2023/01/25 05:53:54 [notice] 31#31: gracefully shutting down
2023/01/25 05:53:54 [notice] 32#32: gracefully shutting down
2023/01/25 05:53:54 [notice] 34#34: gracefully shutting down
2023/01/25 05:53:54 [notice] 33#33: gracefully shutting down
2023/01/25 05:53:54 [notice] 37#37: gracefully shutting down
2023/01/25 05:53:54 [notice] 30#30: exiting
2023/01/25 05:53:54 [notice] 40#40: gracefully shutting down
2023/01/25 05:53:54 [notice] 38#38: gracefully shutting down
2023/01/25 05:53:54 [notice] 31#31: exiting
2023/01/25 05:53:54 [notice] 41#41: gracefully shutting down
2023/01/25 05:53:54 [notice] 35#35: gracefully shutting down
2023/01/25 05:53:54 [notice] 32#32: exiting
2023/01/25 05:53:54 [notice] 34#34: exiting
2023/01/25 05:53:54 [notice] 33#33: exiting
2023/01/25 05:53:54 [notice] 37#37: exiting
2023/01/25 05:53:54 [notice] 40#40: exiting
2023/01/25 05:53:54 [notice] 38#38: exiting
2023/01/25 05:53:54 [notice] 41#41: exiting
2023/01/25 05:53:54 [notice] 35#35: exiting
2023/01/25 05:53:54 [notice] 30#30: exit
2023/01/25 05:53:54 [notice] 31#31: exit
2023/01/25 05:53:54 [notice] 34#34: exit
2023/01/25 05:53:54 [notice] 32#32: exit
2023/01/25 05:53:54 [notice] 37#37: exit
2023/01/25 05:53:54 [notice] 33#33: exit
2023/01/25 05:53:54 [notice] 40#40: exit
2023/01/25 05:53:54 [notice] 38#38: exit
2023/01/25 05:53:54 [notice] 35#35: exit
2023/01/25 05:53:54 [notice] 41#41: exit
2023/01/25 05:53:54 [notice] 36#36: gracefully shutting down
2023/01/25 05:53:54 [notice] 36#36: exiting
2023/01/25 05:53:54 [notice] 39#39: gracefully shutting down
2023/01/25 05:53:54 [notice] 39#39: exiting
2023/01/25 05:53:54 [notice] 36#36: exit
2023/01/25 05:53:54 [notice] 39#39: exit
2023/01/25 05:53:54 [notice] 1#1: signal 17 (SIGCHLD) received from 39
2023/01/25 05:53:54 [notice] 1#1: worker process 39 exited with code 0
2023/01/25 05:53:54 [notice] 1#1: worker process 31 exited with code 0
2023/01/25 05:53:54 [notice] 1#1: signal 29 (SIGIO) received
2023/01/25 05:53:54 [notice] 1#1: signal 17 (SIGCHLD) received from 31
2023/01/25 05:53:54 [notice] 1#1: signal 17 (SIGCHLD) received from 33
2023/01/25 05:53:54 [notice] 1#1: worker process 32 exited with code 0
2023/01/25 05:53:54 [notice] 1#1: worker process 33 exited with code 0
2023/01/25 05:53:54 [notice] 1#1: signal 29 (SIGIO) received
2023/01/25 05:53:54 [notice] 1#1: signal 17 (SIGCHLD) received from 32
2023/01/25 05:53:54 [notice] 1#1: signal 17 (SIGCHLD) received from 37
2023/01/25 05:53:54 [notice] 1#1: worker process 37 exited with code 0
2023/01/25 05:53:54 [notice] 1#1: signal 29 (SIGIO) received
2023/01/25 05:53:54 [notice] 1#1: signal 17 (SIGCHLD) received from 38
2023/01/25 05:53:54 [notice] 1#1: worker process 38 exited with code 0
2023/01/25 05:53:54 [notice] 1#1: signal 29 (SIGIO) received
2023/01/25 05:53:54 [notice] 1#1: signal 17 (SIGCHLD) received from 36
2023/01/25 05:53:54 [notice] 1#1: worker process 30 exited with code 0
2023/01/25 05:53:54 [notice] 1#1: worker process 35 exited with code 0
2023/01/25 05:53:54 [notice] 1#1: worker process 36 exited with code 0
2023/01/25 05:53:54 [notice] 1#1: worker process 41 exited with code 0
2023/01/25 05:53:54 [notice] 1#1: signal 29 (SIGIO) received
2023/01/25 05:53:54 [notice] 1#1: signal 17 (SIGCHLD) received from 41
2023/01/25 05:53:54 [notice] 1#1: signal 17 (SIGCHLD) received from 34
2023/01/25 05:53:54 [notice] 1#1: worker process 34 exited with code 0
2023/01/25 05:53:54 [notice] 1#1: signal 17 (SIGCHLD) received from 40
2023/01/25 05:53:54 [notice] 1#1: worker process 40 exited with code 0
2023/01/25 05:53:54 [notice] 1#1: exit
2023/01/25 05:58:48 [notice] 1#1: using the "epoll" event method
2023/01/25 05:58:48 [notice] 1#1: nginx/1.23.3
2023/01/25 05:58:48 [notice] 1#1: built by gcc 12.2.1 20220924 (Alpine 12.2.1_git20220924-r4) 
2023/01/25 05:58:48 [notice] 1#1: OS: Linux 6.1.7-zen1-1-zen
2023/01/25 05:58:48 [notice] 1#1: getrlimit(RLIMIT_NOFILE): 1048576:1048576
2023/01/25 05:58:48 [notice] 1#1: start worker processes
2023/01/25 05:58:48 [notice] 1#1: start worker process 29
2023/01/25 05:58:48 [notice] 1#1: start worker process 30
2023/01/25 05:58:48 [notice] 1#1: start worker process 31
2023/01/25 05:58:48 [notice] 1#1: start worker process 32
2023/01/25 05:58:48 [notice] 1#1: start worker process 33
2023/01/25 05:58:48 [notice] 1#1: start worker process 34
2023/01/25 05:58:48 [notice] 1#1: start worker process 35
2023/01/25 05:58:48 [notice] 1#1: start worker process 36
2023/01/25 05:58:48 [notice] 1#1: start worker process 37
2023/01/25 05:58:48 [notice] 1#1: start worker process 38
2023/01/25 05:58:48 [notice] 1#1: start worker process 39
2023/01/25 05:58:48 [notice] 1#1: start worker process 40
2023/01/25 05:59:02 [error] 29#29: *1 directory index of "/var/www/html/" is forbidden, client: 172.23.0.1, server: , request: "GET / HTTP/1.1", host: "localhost:8080"
2023/01/25 05:59:04 [error] 29#29: *1 directory index of "/var/www/html/" is forbidden, client: 172.23.0.1, server: , request: "GET / HTTP/1.1", host: "localhost:8080"
2023/01/25 06:03:40 [error] 30#30: *2 directory index of "/var/www/html/" is forbidden, client: 172.23.0.1, server: , request: "GET / HTTP/1.1", host: "localhost:8080"
2023/01/25 06:03:58 [error] 31#31: *3 directory index of "/var/www/html/" is forbidden, client: 172.23.0.1, server: , request: "GET / HTTP/1.1", host: "localhost:8080"
2023/01/25 06:08:30 [notice] 1#1: signal 3 (SIGQUIT) received, shutting down
2023/01/25 06:08:30 [notice] 30#30: gracefully shutting down
2023/01/25 06:08:30 [notice] 29#29: gracefully shutting down
2023/01/25 06:08:30 [notice] 32#32: gracefully shutting down
2023/01/25 06:08:30 [notice] 33#33: gracefully shutting down
2023/01/25 06:08:30 [notice] 31#31: gracefully shutting down
2023/01/25 06:08:30 [notice] 34#34: gracefully shutting down
2023/01/25 06:08:30 [notice] 30#30: exiting
2023/01/25 06:08:30 [notice] 35#35: gracefully shutting down
2023/01/25 06:08:30 [notice] 36#36: gracefully shutting down
2023/01/25 06:08:30 [notice] 37#37: gracefully shutting down
2023/01/25 06:08:30 [notice] 29#29: exiting
2023/01/25 06:08:30 [notice] 39#39: gracefully shutting down
2023/01/25 06:08:30 [notice] 40#40: gracefully shutting down
2023/01/25 06:08:30 [notice] 32#32: exiting
2023/01/25 06:08:30 [notice] 33#33: exiting
2023/01/25 06:08:30 [notice] 31#31: exiting
2023/01/25 06:08:30 [notice] 34#34: exiting
2023/01/25 06:08:30 [notice] 35#35: exiting
2023/01/25 06:08:30 [notice] 36#36: exiting
2023/01/25 06:08:30 [notice] 37#37: exiting
2023/01/25 06:08:30 [notice] 39#39: exiting
2023/01/25 06:08:30 [notice] 40#40: exiting
2023/01/25 06:08:30 [notice] 30#30: exit
2023/01/25 06:08:30 [notice] 29#29: exit
2023/01/25 06:08:30 [notice] 34#34: exit
2023/01/25 06:08:30 [notice] 31#31: exit
2023/01/25 06:08:30 [notice] 33#33: exit
2023/01/25 06:08:30 [notice] 36#36: exit
2023/01/25 06:08:30 [notice] 40#40: exit
2023/01/25 06:08:30 [notice] 32#32: exit
2023/01/25 06:08:30 [notice] 35#35: exit
2023/01/25 06:08:30 [notice] 37#37: exit
2023/01/25 06:08:30 [notice] 39#39: exit
2023/01/25 06:08:30 [notice] 38#38: gracefully shutting down
2023/01/25 06:08:30 [notice] 38#38: exiting
2023/01/25 06:08:30 [notice] 38#38: exit
2023/01/25 06:08:30 [notice] 1#1: signal 17 (SIGCHLD) received from 30
2023/01/25 06:08:30 [notice] 1#1: worker process 30 exited with code 0
2023/01/25 06:08:30 [notice] 1#1: worker process 36 exited with code 0
2023/01/25 06:08:30 [notice] 1#1: worker process 37 exited with code 0
2023/01/25 06:08:30 [notice] 1#1: signal 29 (SIGIO) received
2023/01/25 06:08:30 [notice] 1#1: signal 17 (SIGCHLD) received from 37
2023/01/25 06:08:30 [notice] 1#1: signal 17 (SIGCHLD) received from 29
2023/01/25 06:08:30 [notice] 1#1: worker process 29 exited with code 0
2023/01/25 06:08:30 [notice] 1#1: signal 29 (SIGIO) received
2023/01/25 06:08:30 [notice] 1#1: signal 17 (SIGCHLD) received from 39
2023/01/25 06:08:30 [notice] 1#1: worker process 32 exited with code 0
2023/01/25 06:08:30 [notice] 1#1: worker process 33 exited with code 0
2023/01/25 06:08:30 [notice] 1#1: worker process 35 exited with code 0
2023/01/25 06:08:30 [notice] 1#1: worker process 38 exited with code 0
2023/01/25 06:08:30 [notice] 1#1: worker process 39 exited with code 0
2023/01/25 06:08:30 [notice] 1#1: worker process 40 exited with code 0
2023/01/25 06:08:30 [notice] 1#1: signal 29 (SIGIO) received
2023/01/25 06:08:30 [notice] 1#1: signal 17 (SIGCHLD) received from 34
2023/01/25 06:08:30 [notice] 1#1: worker process 34 exited with code 0
2023/01/25 06:08:30 [notice] 1#1: signal 29 (SIGIO) received
2023/01/25 06:08:30 [notice] 1#1: signal 17 (SIGCHLD) received from 31
2023/01/25 06:08:30 [notice] 1#1: worker process 31 exited with code 0
2023/01/25 06:08:30 [notice] 1#1: exit
2023/01/25 06:08:37 [notice] 1#1: using the "epoll" event method
2023/01/25 06:08:37 [notice] 1#1: nginx/1.23.3
2023/01/25 06:08:37 [notice] 1#1: built by gcc 12.2.1 20220924 (Alpine 12.2.1_git20220924-r4) 
2023/01/25 06:08:37 [notice] 1#1: OS: Linux 6.1.7-zen1-1-zen
2023/01/25 06:08:37 [notice] 1#1: getrlimit(RLIMIT_NOFILE): 1048576:1048576
2023/01/25 06:08:37 [notice] 1#1: start worker processes
2023/01/25 06:08:37 [notice] 1#1: start worker process 29
2023/01/25 06:08:37 [notice] 1#1: start worker process 30
2023/01/25 06:08:37 [notice] 1#1: start worker process 31
2023/01/25 06:08:37 [notice] 1#1: start worker process 32
2023/01/25 06:08:37 [notice] 1#1: start worker process 33
2023/01/25 06:08:37 [notice] 1#1: start worker process 34
2023/01/25 06:08:37 [notice] 1#1: start worker process 35
2023/01/25 06:08:37 [notice] 1#1: start worker process 36
2023/01/25 06:08:37 [notice] 1#1: start worker process 37
2023/01/25 06:08:37 [notice] 1#1: start worker process 38
2023/01/25 06:08:37 [notice] 1#1: start worker process 39
2023/01/25 06:08:37 [notice] 1#1: start worker process 40
2023/01/25 06:08:42 [error] 29#29: *1 directory index of "/var/www/html/" is forbidden, client: 172.24.0.1, server: , request: "GET / HTTP/1.1", host: "localhost:8080"
2023/01/25 06:13:55 [notice] 1#1: signal 3 (SIGQUIT) received, shutting down
2023/01/25 06:13:55 [notice] 31#31: gracefully shutting down
2023/01/25 06:13:55 [notice] 33#33: gracefully shutting down
2023/01/25 06:13:55 [notice] 32#32: gracefully shutting down
2023/01/25 06:13:55 [notice] 29#29: gracefully shutting down
2023/01/25 06:13:55 [notice] 35#35: gracefully shutting down
2023/01/25 06:13:55 [notice] 34#34: gracefully shutting down
2023/01/25 06:13:55 [notice] 31#31: exiting
2023/01/25 06:13:55 [notice] 37#37: gracefully shutting down
2023/01/25 06:13:55 [notice] 38#38: gracefully shutting down
2023/01/25 06:13:55 [notice] 39#39: gracefully shutting down
2023/01/25 06:13:55 [notice] 33#33: exiting
2023/01/25 06:13:55 [notice] 32#32: exiting
2023/01/25 06:13:55 [notice] 29#29: exiting
2023/01/25 06:13:55 [notice] 35#35: exiting
2023/01/25 06:13:55 [notice] 34#34: exiting
2023/01/25 06:13:55 [notice] 38#38: exiting
2023/01/25 06:13:55 [notice] 30#30: gracefully shutting down
2023/01/25 06:13:55 [notice] 37#37: exiting
2023/01/25 06:13:55 [notice] 39#39: exiting
2023/01/25 06:13:55 [notice] 30#30: exiting
2023/01/25 06:13:55 [notice] 40#40: gracefully shutting down
2023/01/25 06:13:55 [notice] 36#36: gracefully shutting down
2023/01/25 06:13:55 [notice] 40#40: exiting
2023/01/25 06:13:55 [notice] 36#36: exiting
2023/01/25 06:13:55 [notice] 29#29: exit
2023/01/25 06:13:55 [notice] 38#38: exit
2023/01/25 06:13:55 [notice] 32#32: exit
2023/01/25 06:13:55 [notice] 40#40: exit
2023/01/25 06:13:55 [notice] 36#36: exit
2023/01/25 06:13:55 [notice] 30#30: exit
2023/01/25 06:13:55 [notice] 34#34: exit
2023/01/25 06:13:55 [notice] 31#31: exit
2023/01/25 06:13:55 [notice] 35#35: exit
2023/01/25 06:13:55 [notice] 33#33: exit
2023/01/25 06:13:55 [notice] 39#39: exit
2023/01/25 06:13:55 [notice] 37#37: exit
2023/01/25 06:13:55 [notice] 1#1: signal 17 (SIGCHLD) received from 40
2023/01/25 06:13:55 [notice] 1#1: worker process 31 exited with code 0
2023/01/25 06:13:55 [notice] 1#1: worker process 40 exited with code 0
2023/01/25 06:13:55 [notice] 1#1: signal 29 (SIGIO) received
2023/01/25 06:13:55 [notice] 1#1: signal 17 (SIGCHLD) received from 39
2023/01/25 06:13:55 [notice] 1#1: worker process 37 exited with code 0
2023/01/25 06:13:55 [notice] 1#1: worker process 36 exited with code 0
2023/01/25 06:13:55 [notice] 1#1: worker process 30 exited with code 0
2023/01/25 06:13:55 [notice] 1#1: worker process 32 exited with code 0
2023/01/25 06:13:55 [notice] 1#1: worker process 39 exited with code 0
2023/01/25 06:13:55 [notice] 1#1: signal 29 (SIGIO) received
2023/01/25 06:13:55 [notice] 1#1: signal 17 (SIGCHLD) received from 36
2023/01/25 06:13:55 [notice] 1#1: signal 17 (SIGCHLD) received from 33
2023/01/25 06:13:55 [notice] 1#1: worker process 29 exited with code 0
2023/01/25 06:13:55 [notice] 1#1: worker process 33 exited with code 0
2023/01/25 06:13:55 [notice] 1#1: signal 29 (SIGIO) received
2023/01/25 06:13:55 [notice] 1#1: signal 17 (SIGCHLD) received from 29
2023/01/25 06:13:55 [notice] 1#1: signal 17 (SIGCHLD) received from 34
2023/01/25 06:13:55 [notice] 1#1: worker process 34 exited with code 0
2023/01/25 06:13:55 [notice] 1#1: signal 29 (SIGIO) received
2023/01/25 06:13:55 [notice] 1#1: signal 17 (SIGCHLD) received from 38
2023/01/25 06:13:55 [notice] 1#1: worker process 38 exited with code 0
2023/01/25 06:13:55 [notice] 1#1: worker process 35 exited with code 0
2023/01/25 06:13:55 [notice] 1#1: exit
2023/01/25 06:14:01 [notice] 1#1: using the "epoll" event method
2023/01/25 06:14:01 [notice] 1#1: nginx/1.23.3
2023/01/25 06:14:01 [notice] 1#1: built by gcc 12.2.1 20220924 (Alpine 12.2.1_git20220924-r4) 
2023/01/25 06:14:01 [notice] 1#1: OS: Linux 6.1.7-zen1-1-zen
2023/01/25 06:14:01 [notice] 1#1: getrlimit(RLIMIT_NOFILE): 1048576:1048576
2023/01/25 06:14:01 [notice] 1#1: start worker processes
2023/01/25 06:14:01 [notice] 1#1: start worker process 29
2023/01/25 06:14:01 [notice] 1#1: start worker process 30
2023/01/25 06:14:01 [notice] 1#1: start worker process 31
2023/01/25 06:14:01 [notice] 1#1: start worker process 32
2023/01/25 06:14:01 [notice] 1#1: start worker process 33
2023/01/25 06:14:01 [notice] 1#1: start worker process 34
2023/01/25 06:14:01 [notice] 1#1: start worker process 35
2023/01/25 06:14:01 [notice] 1#1: start worker process 36
2023/01/25 06:14:01 [notice] 1#1: start worker process 37
2023/01/25 06:14:01 [notice] 1#1: start worker process 38
2023/01/25 06:14:01 [notice] 1#1: start worker process 39
2023/01/25 06:14:01 [notice] 1#1: start worker process 40
2023/01/25 06:16:24 [error] 30#30: *3 open() "/var/www/html/favicon.ico" failed (2: No such file or directory), client: 172.25.0.1, server: , request: "GET /favicon.ico HTTP/1.1", host: "localhost:8080", referrer: "http://localhost:8080/"
2023/01/25 06:23:15 [notice] 1#1: signal 3 (SIGQUIT) received, shutting down
2023/01/25 06:23:15 [notice] 29#29: gracefully shutting down
2023/01/25 06:23:15 [notice] 30#30: gracefully shutting down
2023/01/25 06:23:15 [notice] 32#32: gracefully shutting down
2023/01/25 06:23:15 [notice] 33#33: gracefully shutting down
2023/01/25 06:23:15 [notice] 29#29: exiting
2023/01/25 06:23:15 [notice] 31#31: gracefully shutting down
2023/01/25 06:23:15 [notice] 34#34: gracefully shutting down
2023/01/25 06:23:15 [notice] 35#35: gracefully shutting down
2023/01/25 06:23:15 [notice] 30#30: exiting
2023/01/25 06:23:15 [notice] 32#32: exiting
2023/01/25 06:23:15 [notice] 33#33: exiting
2023/01/25 06:23:15 [notice] 36#36: gracefully shutting down
2023/01/25 06:23:15 [notice] 38#38: gracefully shutting down
2023/01/25 06:23:15 [notice] 31#31: exiting
2023/01/25 06:23:15 [notice] 34#34: exiting
2023/01/25 06:23:15 [notice] 35#35: exiting
2023/01/25 06:23:15 [notice] 36#36: exiting
2023/01/25 06:23:15 [notice] 38#38: exiting
2023/01/25 06:23:15 [notice] 29#29: exit
2023/01/25 06:23:15 [notice] 32#32: exit
2023/01/25 06:23:15 [notice] 30#30: exit
2023/01/25 06:23:15 [notice] 33#33: exit
2023/01/25 06:23:15 [notice] 31#31: exit
2023/01/25 06:23:15 [notice] 35#35: exit
2023/01/25 06:23:15 [notice] 34#34: exit
2023/01/25 06:23:15 [notice] 36#36: exit
2023/01/25 06:23:15 [notice] 38#38: exit
2023/01/25 06:23:15 [notice] 39#39: gracefully shutting down
2023/01/25 06:23:15 [notice] 39#39: exiting
2023/01/25 06:23:15 [notice] 40#40: gracefully shutting down
2023/01/25 06:23:15 [notice] 40#40: exiting
2023/01/25 06:23:15 [notice] 39#39: exit
2023/01/25 06:23:15 [notice] 37#37: gracefully shutting down
2023/01/25 06:23:15 [notice] 40#40: exit
2023/01/25 06:23:15 [notice] 37#37: exiting
2023/01/25 06:23:15 [notice] 37#37: exit
2023/01/25 06:23:15 [notice] 1#1: signal 17 (SIGCHLD) received from 32
2023/01/25 06:23:15 [notice] 1#1: worker process 32 exited with code 0
2023/01/25 06:23:15 [notice] 1#1: signal 29 (SIGIO) received
2023/01/25 06:23:15 [notice] 1#1: signal 17 (SIGCHLD) received from 35
2023/01/25 06:23:15 [notice] 1#1: worker process 30 exited with code 0
2023/01/25 06:23:15 [notice] 1#1: worker process 34 exited with code 0
2023/01/25 06:23:15 [notice] 1#1: worker process 35 exited with code 0
2023/01/25 06:23:15 [notice] 1#1: worker process 36 exited with code 0
2023/01/25 06:23:15 [notice] 1#1: signal 29 (SIGIO) received
2023/01/25 06:23:15 [notice] 1#1: signal 17 (SIGCHLD) received from 30
2023/01/25 06:23:15 [notice] 1#1: signal 17 (SIGCHLD) received from 40
2023/01/25 06:23:15 [notice] 1#1: worker process 31 exited with code 0
2023/01/25 06:23:15 [notice] 1#1: worker process 39 exited with code 0
2023/01/25 06:23:15 [notice] 1#1: worker process 37 exited with code 0
2023/01/25 06:23:15 [notice] 1#1: worker process 40 exited with code 0
2023/01/25 06:23:15 [notice] 1#1: signal 29 (SIGIO) received
2023/01/25 06:23:15 [notice] 1#1: signal 17 (SIGCHLD) received from 31
2023/01/25 06:23:15 [notice] 1#1: signal 17 (SIGCHLD) received from 33
2023/01/25 06:23:15 [notice] 1#1: worker process 33 exited with code 0
2023/01/25 06:23:15 [notice] 1#1: worker process 29 exited with code 0
2023/01/25 06:23:15 [notice] 1#1: signal 29 (SIGIO) received
2023/01/25 06:23:15 [notice] 1#1: signal 17 (SIGCHLD) received from 29
2023/01/25 06:23:15 [notice] 1#1: signal 17 (SIGCHLD) received from 38
2023/01/25 06:23:15 [notice] 1#1: worker process 38 exited with code 0
2023/01/25 06:23:15 [notice] 1#1: exit
2023/01/25 06:23:18 [notice] 1#1: using the "epoll" event method
2023/01/25 06:23:18 [notice] 1#1: nginx/1.23.3
2023/01/25 06:23:18 [notice] 1#1: built by gcc 12.2.1 20220924 (Alpine 12.2.1_git20220924-r4) 
2023/01/25 06:23:18 [notice] 1#1: OS: Linux 6.1.7-zen1-1-zen
2023/01/25 06:23:18 [notice] 1#1: getrlimit(RLIMIT_NOFILE): 1048576:1048576
2023/01/25 06:23:18 [notice] 1#1: start worker processes
2023/01/25 06:23:18 [notice] 1#1: start worker process 29
2023/01/25 06:23:18 [notice] 1#1: start worker process 30
2023/01/25 06:23:18 [notice] 1#1: start worker process 31
2023/01/25 06:23:18 [notice] 1#1: start worker process 32
2023/01/25 06:23:18 [notice] 1#1: start worker process 33
2023/01/25 06:23:18 [notice] 1#1: start worker process 34
2023/01/25 06:23:18 [notice] 1#1: start worker process 35
2023/01/25 06:23:18 [notice] 1#1: start worker process 36
2023/01/25 06:23:18 [notice] 1#1: start worker process 37
2023/01/25 06:23:18 [notice] 1#1: start worker process 38
2023/01/25 06:23:18 [notice] 1#1: start worker process 39
2023/01/25 06:23:18 [notice] 1#1: start worker process 40
2023/01/25 06:24:49 [notice] 1#1: signal 3 (SIGQUIT) received, shutting down
2023/01/25 06:24:49 [notice] 30#30: gracefully shutting down
2023/01/25 06:24:49 [notice] 29#29: gracefully shutting down
2023/01/25 06:24:49 [notice] 34#34: gracefully shutting down
2023/01/25 06:24:49 [notice] 32#32: gracefully shutting down
2023/01/25 06:24:49 [notice] 38#38: gracefully shutting down
2023/01/25 06:24:49 [notice] 29#29: exiting
2023/01/25 06:24:49 [notice] 34#34: exiting
2023/01/25 06:24:49 [notice] 40#40: gracefully shutting down
2023/01/25 06:24:49 [notice] 32#32: exiting
2023/01/25 06:24:49 [notice] 36#36: gracefully shutting down
2023/01/25 06:24:49 [notice] 38#38: exiting
2023/01/25 06:24:49 [notice] 40#40: exiting
2023/01/25 06:24:49 [notice] 36#36: exiting
2023/01/25 06:24:49 [notice] 37#37: gracefully shutting down
2023/01/25 06:24:49 [notice] 37#37: exiting
2023/01/25 06:24:49 [notice] 29#29: exit
2023/01/25 06:24:49 [notice] 38#38: exit
2023/01/25 06:24:49 [notice] 34#34: exit
2023/01/25 06:24:49 [notice] 40#40: exit
2023/01/25 06:24:49 [notice] 36#36: exit
2023/01/25 06:24:49 [notice] 32#32: exit
2023/01/25 06:24:49 [notice] 39#39: gracefully shutting down
2023/01/25 06:24:49 [notice] 39#39: exiting
2023/01/25 06:24:49 [notice] 31#31: gracefully shutting down
2023/01/25 06:24:49 [notice] 31#31: exiting
2023/01/25 06:24:49 [notice] 33#33: gracefully shutting down
2023/01/25 06:24:49 [notice] 35#35: gracefully shutting down
2023/01/25 06:24:49 [notice] 35#35: exiting
2023/01/25 06:24:49 [notice] 30#30: exiting
2023/01/25 06:24:49 [notice] 33#33: exiting
2023/01/25 06:24:49 [notice] 37#37: exit
2023/01/25 06:24:49 [notice] 31#31: exit
2023/01/25 06:24:49 [notice] 35#35: exit
2023/01/25 06:24:49 [notice] 30#30: exit
2023/01/25 06:24:49 [notice] 33#33: exit
2023/01/25 06:24:49 [notice] 39#39: exit
2023/01/25 06:24:49 [notice] 1#1: signal 17 (SIGCHLD) received from 36
2023/01/25 06:24:49 [notice] 1#1: worker process 36 exited with code 0
2023/01/25 06:24:49 [notice] 1#1: worker process 35 exited with code 0
2023/01/25 06:24:49 [notice] 1#1: worker process 37 exited with code 0
2023/01/25 06:24:49 [notice] 1#1: worker process 40 exited with code 0
2023/01/25 06:24:49 [notice] 1#1: signal 29 (SIGIO) received
2023/01/25 06:24:49 [notice] 1#1: signal 17 (SIGCHLD) received from 37
2023/01/25 06:24:49 [notice] 1#1: signal 17 (SIGCHLD) received from 38
2023/01/25 06:24:49 [notice] 1#1: worker process 38 exited with code 0
2023/01/25 06:24:49 [notice] 1#1: worker process 32 exited with code 0
2023/01/25 06:24:49 [notice] 1#1: signal 29 (SIGIO) received
2023/01/25 06:24:49 [notice] 1#1: signal 17 (SIGCHLD) received from 32
2023/01/25 06:24:49 [notice] 1#1: signal 17 (SIGCHLD) received from 31
2023/01/25 06:24:49 [notice] 1#1: worker process 31 exited with code 0
2023/01/25 06:24:49 [notice] 1#1: worker process 29 exited with code 0
2023/01/25 06:24:49 [notice] 1#1: worker process 30 exited with code 0
2023/01/25 06:24:49 [notice] 1#1: worker process 33 exited with code 0
2023/01/25 06:24:49 [notice] 1#1: worker process 39 exited with code 0
2023/01/25 06:24:49 [notice] 1#1: signal 29 (SIGIO) received
2023/01/25 06:24:49 [notice] 1#1: signal 17 (SIGCHLD) received from 33
2023/01/25 06:24:49 [notice] 1#1: signal 17 (SIGCHLD) received from 34
2023/01/25 06:24:49 [notice] 1#1: worker process 34 exited with code 0
2023/01/25 06:24:49 [notice] 1#1: exit
2023/01/25 06:24:52 [notice] 1#1: using the "epoll" event method
2023/01/25 06:24:52 [notice] 1#1: nginx/1.23.3
2023/01/25 06:24:52 [notice] 1#1: built by gcc 12.2.1 20220924 (Alpine 12.2.1_git20220924-r4) 
2023/01/25 06:24:52 [notice] 1#1: OS: Linux 6.1.7-zen1-1-zen
2023/01/25 06:24:52 [notice] 1#1: getrlimit(RLIMIT_NOFILE): 1048576:1048576
2023/01/25 06:24:52 [notice] 1#1: start worker processes
2023/01/25 06:24:52 [notice] 1#1: start worker process 29
2023/01/25 06:24:52 [notice] 1#1: start worker process 30
2023/01/25 06:24:52 [notice] 1#1: start worker process 31
2023/01/25 06:24:52 [notice] 1#1: start worker process 32
2023/01/25 06:24:52 [notice] 1#1: start worker process 33
2023/01/25 06:24:52 [notice] 1#1: start worker process 34
2023/01/25 06:24:52 [notice] 1#1: start worker process 35
2023/01/25 06:24:52 [notice] 1#1: start worker process 36
2023/01/25 06:24:52 [notice] 1#1: start worker process 37
2023/01/25 06:24:52 [notice] 1#1: start worker process 38
2023/01/25 06:24:52 [notice] 1#1: start worker process 39
2023/01/25 06:24:52 [notice] 1#1: start worker process 40
2023/01/25 06:25:05 [error] 29#29: *1 open() "/var/www/html/favicon.ico" failed (2: No such file or directory), client: 172.27.0.1, server: , request: "GET /favicon.ico HTTP/1.1", host: "localhost:8080", referrer: "http://localhost:8080/"
2023/01/25 06:39:56 [notice] 1#1: signal 3 (SIGQUIT) received, shutting down
2023/01/25 06:39:56 [notice] 29#29: gracefully shutting down
2023/01/25 06:39:56 [notice] 30#30: gracefully shutting down
2023/01/25 06:39:56 [notice] 32#32: gracefully shutting down
2023/01/25 06:39:56 [notice] 31#31: gracefully shutting down
2023/01/25 06:39:56 [notice] 33#33: gracefully shutting down
2023/01/25 06:39:56 [notice] 29#29: exiting
2023/01/25 06:39:56 [notice] 30#30: exiting
2023/01/25 06:39:56 [notice] 32#32: exiting
2023/01/25 06:39:56 [notice] 34#34: gracefully shutting down
2023/01/25 06:39:56 [notice] 37#37: gracefully shutting down
2023/01/25 06:39:56 [notice] 31#31: exiting
2023/01/25 06:39:56 [notice] 33#33: exiting
2023/01/25 06:39:56 [notice] 36#36: gracefully shutting down
2023/01/25 06:39:56 [notice] 34#34: exiting
2023/01/25 06:39:56 [notice] 37#37: exiting
2023/01/25 06:39:56 [notice] 38#38: gracefully shutting down
2023/01/25 06:39:56 [notice] 36#36: exiting
2023/01/25 06:39:56 [notice] 38#38: exiting
2023/01/25 06:39:56 [notice] 39#39: gracefully shutting down
2023/01/25 06:39:56 [notice] 39#39: exiting
2023/01/25 06:39:56 [notice] 32#32: exit
2023/01/25 06:39:56 [notice] 29#29: exit
2023/01/25 06:39:56 [notice] 30#30: exit
2023/01/25 06:39:56 [notice] 31#31: exit
2023/01/25 06:39:56 [notice] 37#37: exit
2023/01/25 06:39:56 [notice] 36#36: exit
2023/01/25 06:39:56 [notice] 34#34: exit
2023/01/25 06:39:56 [notice] 38#38: exit
2023/01/25 06:39:56 [notice] 33#33: exit
2023/01/25 06:39:56 [notice] 39#39: exit
2023/01/25 06:39:56 [notice] 35#35: gracefully shutting down
2023/01/25 06:39:56 [notice] 35#35: exiting
2023/01/25 06:39:56 [notice] 35#35: exit
2023/01/25 06:39:56 [notice] 40#40: gracefully shutting down
2023/01/25 06:39:56 [notice] 40#40: exiting
2023/01/25 06:39:56 [notice] 40#40: exit
2023/01/25 06:39:56 [notice] 1#1: signal 17 (SIGCHLD) received from 35
2023/01/25 06:39:56 [notice] 1#1: worker process 31 exited with code 0
2023/01/25 06:39:56 [notice] 1#1: worker process 35 exited with code 0
2023/01/25 06:39:56 [notice] 1#1: worker process 32 exited with code 0
2023/01/25 06:39:56 [notice] 1#1: worker process 40 exited with code 0
2023/01/25 06:39:56 [notice] 1#1: signal 29 (SIGIO) received
2023/01/25 06:39:56 [notice] 1#1: signal 17 (SIGCHLD) received from 31
2023/01/25 06:39:56 [notice] 1#1: signal 17 (SIGCHLD) received from 33
2023/01/25 06:39:56 [notice] 1#1: worker process 30 exited with code 0
2023/01/25 06:39:56 [notice] 1#1: worker process 29 exited with code 0
2023/01/25 06:39:56 [notice] 1#1: worker process 33 exited with code 0
2023/01/25 06:39:56 [notice] 1#1: worker process 38 exited with code 0
2023/01/25 06:39:56 [notice] 1#1: signal 29 (SIGIO) received
2023/01/25 06:39:56 [notice] 1#1: signal 17 (SIGCHLD) received from 30
2023/01/25 06:39:56 [notice] 1#1: signal 17 (SIGCHLD) received from 37
2023/01/25 06:39:56 [notice] 1#1: worker process 37 exited with code 0
2023/01/25 06:39:56 [notice] 1#1: signal 29 (SIGIO) received
2023/01/25 06:39:56 [notice] 1#1: signal 17 (SIGCHLD) received from 34
2023/01/25 06:39:56 [notice] 1#1: worker process 34 exited with code 0
2023/01/25 06:39:56 [notice] 1#1: worker process 36 exited with code 0
2023/01/25 06:39:56 [notice] 1#1: signal 29 (SIGIO) received
2023/01/25 06:39:56 [notice] 1#1: signal 17 (SIGCHLD) received from 36
2023/01/25 06:39:56 [notice] 1#1: signal 17 (SIGCHLD) received from 39
2023/01/25 06:39:56 [notice] 1#1: worker process 39 exited with code 0
2023/01/25 06:39:56 [notice] 1#1: exit
